c:\users\stelm\onedrive\pulpit\otsfinal\ots-final-edition\rook\rook\vc17\theforgo.a10f9657\x64\release\theforgottenserver-x64.pch
c:\users\stelm\onedrive\pulpit\otsfinal\ots-final-edition\rook\rook\vc17\theforgo.a10f9657\x64\release\vc143.pdb
c:\users\stelm\onedrive\pulpit\otsfinal\ots-final-edition\rook\rook\vc17\theforgo.a10f9657\x64\release\obj_r\otpch.obj
c:\users\stelm\onedrive\pulpit\otsfinal\ots-final-edition\rook\rook\vc17\theforgo.a10f9657\x64\release\obj_r\database.obj
c:\users\stelm\onedrive\pulpit\otsfinal\ots-final-edition\rook\rook\vc17\theforgo.a10f9657\x64\release\obj_r\depotchest.obj
c:\users\stelm\onedrive\pulpit\otsfinal\ots-final-edition\rook\rook\vc17\theforgo.a10f9657\x64\release\obj_r\ioguild.obj
c:\users\stelm\onedrive\pulpit\otsfinal\ots-final-edition\rook\rook\vc17\theforgo.a10f9657\x64\release\obj_r\luascript.obj
c:\users\stelm\onedrive\pulpit\otsfinal\ots-final-edition\rook\rook\vc17\theforgo.a10f9657\x64\release\obj_r\protocolstatus.obj
c:\users\stelm\onedrive\pulpit\otsfinal\ots-final-edition\rook\rook\vc17\theforgo.a10f9657\x64\release\obj_r\connection.obj
c:\users\stelm\onedrive\pulpit\otsfinal\ots-final-edition\rook\rook\vc17\theforgo.a10f9657\x64\release\obj_r\guild.obj
c:\users\stelm\onedrive\pulpit\otsfinal\ots-final-edition\rook\rook\vc17\theforgo.a10f9657\x64\release\obj_r\mounts.obj
c:\users\stelm\onedrive\pulpit\otsfinal\ots-final-edition\rook\rook\vc17\theforgo.a10f9657\x64\release\obj_r\networkmessage.obj
c:\users\stelm\onedrive\pulpit\otsfinal\ots-final-edition\rook\rook\vc17\theforgo.a10f9657\x64\release\obj_r\player.obj
c:\users\stelm\onedrive\pulpit\otsfinal\ots-final-edition\rook\rook\vc17\theforgo.a10f9657\x64\release\obj_r\wildcardtree.obj
c:\users\stelm\onedrive\pulpit\otsfinal\ots-final-edition\rook\rook\vc17\theforgo.a10f9657\x64\release\obj_r\xtea.obj
c:\users\stelm\onedrive\pulpit\otsfinal\ots-final-edition\rook\rook\vc17\theforgo.a10f9657\x64\release\obj_r\bed.obj
c:\users\stelm\onedrive\pulpit\otsfinal\ots-final-edition\rook\rook\vc17\theforgo.a10f9657\x64\release\obj_r\mailbox.obj
c:\users\stelm\onedrive\pulpit\otsfinal\ots-final-edition\rook\rook\vc17\theforgo.a10f9657\x64\release\obj_r\party.obj
c:\users\stelm\onedrive\pulpit\otsfinal\ots-final-edition\rook\rook\vc17\theforgo.a10f9657\x64\release\obj_r\trashholder.obj
c:\users\stelm\onedrive\pulpit\otsfinal\ots-final-edition\rook\rook\vc17\theforgo.a10f9657\x64\release\obj_r\cylinder.obj
c:\users\stelm\onedrive\pulpit\otsfinal\ots-final-edition\rook\rook\vc17\theforgo.a10f9657\x64\release\obj_r\databasetasks.obj
c:\users\stelm\onedrive\pulpit\otsfinal\ots-final-edition\rook\rook\vc17\theforgo.a10f9657\x64\release\obj_r\fileloader.obj
c:\users\stelm\onedrive\pulpit\otsfinal\ots-final-edition\rook\rook\vc17\theforgo.a10f9657\x64\release\obj_r\house.obj
c:\users\stelm\onedrive\pulpit\otsfinal\ots-final-edition\rook\rook\vc17\theforgo.a10f9657\x64\release\obj_r\npc.obj
c:\users\stelm\onedrive\pulpit\otsfinal\ots-final-edition\rook\rook\vc17\theforgo.a10f9657\x64\release\obj_r\storeinbox.obj
c:\users\stelm\onedrive\pulpit\otsfinal\ots-final-edition\rook\rook\vc17\theforgo.a10f9657\x64\release\obj_r\thing.obj
c:\users\stelm\onedrive\pulpit\otsfinal\ots-final-edition\rook\rook\vc17\theforgo.a10f9657\x64\release\obj_r\creature.obj
c:\users\stelm\onedrive\pulpit\otsfinal\ots-final-edition\rook\rook\vc17\theforgo.a10f9657\x64\release\obj_r\map.obj
c:\users\stelm\onedrive\pulpit\otsfinal\ots-final-edition\rook\rook\vc17\theforgo.a10f9657\x64\release\obj_r\quests.obj
c:\users\stelm\onedrive\pulpit\otsfinal\ots-final-edition\rook\rook\vc17\theforgo.a10f9657\x64\release\obj_r\tile.obj
c:\users\stelm\onedrive\pulpit\otsfinal\ots-final-edition\rook\rook\vc17\theforgo.a10f9657\x64\release\obj_r\baseevents.obj
c:\users\stelm\onedrive\pulpit\otsfinal\ots-final-edition\rook\rook\vc17\theforgo.a10f9657\x64\release\obj_r\events.obj
c:\users\stelm\onedrive\pulpit\otsfinal\ots-final-edition\rook\rook\vc17\theforgo.a10f9657\x64\release\obj_r\iomarket.obj
c:\users\stelm\onedrive\pulpit\otsfinal\ots-final-edition\rook\rook\vc17\theforgo.a10f9657\x64\release\obj_r\protocol.obj
c:\users\stelm\onedrive\pulpit\otsfinal\ots-final-edition\rook\rook\vc17\theforgo.a10f9657\x64\release\obj_r\script.obj
c:\users\stelm\onedrive\pulpit\otsfinal\ots-final-edition\rook\rook\vc17\theforgo.a10f9657\x64\release\obj_r\spells.obj
c:\users\stelm\onedrive\pulpit\otsfinal\ots-final-edition\rook\rook\vc17\theforgo.a10f9657\x64\release\obj_r\configmanager.obj
c:\users\stelm\onedrive\pulpit\otsfinal\ots-final-edition\rook\rook\vc17\theforgo.a10f9657\x64\release\obj_r\iomap.obj
c:\users\stelm\onedrive\pulpit\otsfinal\ots-final-edition\rook\rook\vc17\theforgo.a10f9657\x64\release\obj_r\otserv.obj
c:\users\stelm\onedrive\pulpit\otsfinal\ots-final-edition\rook\rook\vc17\theforgo.a10f9657\x64\release\obj_r\teleport.obj
c:\users\stelm\onedrive\pulpit\otsfinal\ots-final-edition\rook\rook\vc17\theforgo.a10f9657\x64\release\obj_r\databasemanager.obj
c:\users\stelm\onedrive\pulpit\otsfinal\ots-final-edition\rook\rook\vc17\theforgo.a10f9657\x64\release\obj_r\game.obj
c:\users\stelm\onedrive\pulpit\otsfinal\ots-final-edition\rook\rook\vc17\theforgo.a10f9657\x64\release\obj_r\outfit.obj
c:\users\stelm\onedrive\pulpit\otsfinal\ots-final-edition\rook\rook\vc17\theforgo.a10f9657\x64\release\obj_r\outputmessage.obj
c:\users\stelm\onedrive\pulpit\otsfinal\ots-final-edition\rook\rook\vc17\theforgo.a10f9657\x64\release\obj_r\scheduler.obj
c:\users\stelm\onedrive\pulpit\otsfinal\ots-final-edition\rook\rook\vc17\theforgo.a10f9657\x64\release\obj_r\signals.obj
c:\users\stelm\onedrive\pulpit\otsfinal\ots-final-edition\rook\rook\vc17\theforgo.a10f9657\x64\release\obj_r\chat.obj
c:\users\stelm\onedrive\pulpit\otsfinal\ots-final-edition\rook\rook\vc17\theforgo.a10f9657\x64\release\obj_r\monster.obj
c:\users\stelm\onedrive\pulpit\otsfinal\ots-final-edition\rook\rook\vc17\theforgo.a10f9657\x64\release\obj_r\rsa.obj
c:\users\stelm\onedrive\pulpit\otsfinal\ots-final-edition\rook\rook\vc17\theforgo.a10f9657\x64\release\obj_r\scriptmanager.obj
c:\users\stelm\onedrive\pulpit\otsfinal\ots-final-edition\rook\rook\vc17\theforgo.a10f9657\x64\release\obj_r\creatureevent.obj
c:\users\stelm\onedrive\pulpit\otsfinal\ots-final-edition\rook\rook\vc17\theforgo.a10f9657\x64\release\obj_r\inbox.obj
c:\users\stelm\onedrive\pulpit\otsfinal\ots-final-edition\rook\rook\vc17\theforgo.a10f9657\x64\release\obj_r\npcbehavior.obj
c:\users\stelm\onedrive\pulpit\otsfinal\ots-final-edition\rook\rook\vc17\theforgo.a10f9657\x64\release\obj_r\talkaction.obj
c:\users\stelm\onedrive\pulpit\otsfinal\ots-final-edition\rook\rook\vc17\theforgo.a10f9657\x64\release\obj_r\condition.obj
c:\users\stelm\onedrive\pulpit\otsfinal\ots-final-edition\rook\rook\vc17\theforgo.a10f9657\x64\release\obj_r\iologindata.obj
c:\users\stelm\onedrive\pulpit\otsfinal\ots-final-edition\rook\rook\vc17\theforgo.a10f9657\x64\release\obj_r\protocolgame.obj
c:\users\stelm\onedrive\pulpit\otsfinal\ots-final-edition\rook\rook\vc17\theforgo.a10f9657\x64\release\obj_r\ban.obj
c:\users\stelm\onedrive\pulpit\otsfinal\ots-final-edition\rook\rook\vc17\theforgo.a10f9657\x64\release\obj_r\globalevent.obj
c:\users\stelm\onedrive\pulpit\otsfinal\ots-final-edition\rook\rook\vc17\theforgo.a10f9657\x64\release\obj_r\groups.obj
c:\users\stelm\onedrive\pulpit\otsfinal\ots-final-edition\rook\rook\vc17\theforgo.a10f9657\x64\release\obj_r\housetile.obj
c:\users\stelm\onedrive\pulpit\otsfinal\ots-final-edition\rook\rook\vc17\theforgo.a10f9657\x64\release\obj_r\movement.obj
c:\users\stelm\onedrive\pulpit\otsfinal\ots-final-edition\rook\rook\vc17\theforgo.a10f9657\x64\release\obj_r\shaders.obj
c:\users\stelm\onedrive\pulpit\otsfinal\ots-final-edition\rook\rook\vc17\theforgo.a10f9657\x64\release\obj_r\spawn.obj
c:\users\stelm\onedrive\pulpit\otsfinal\ots-final-edition\rook\rook\vc17\theforgo.a10f9657\x64\release\obj_r\actions.obj
c:\users\stelm\onedrive\pulpit\otsfinal\ots-final-edition\rook\rook\vc17\theforgo.a10f9657\x64\release\obj_r\monsters.obj
c:\users\stelm\onedrive\pulpit\otsfinal\ots-final-edition\rook\rook\vc17\theforgo.a10f9657\x64\release\obj_r\scriptreader.obj
c:\users\stelm\onedrive\pulpit\otsfinal\ots-final-edition\rook\rook\vc17\theforgo.a10f9657\x64\release\obj_r\server.obj
c:\users\stelm\onedrive\pulpit\otsfinal\ots-final-edition\rook\rook\vc17\theforgo.a10f9657\x64\release\obj_r\tasks.obj
c:\users\stelm\onedrive\pulpit\otsfinal\ots-final-edition\rook\rook\vc17\theforgo.a10f9657\x64\release\obj_r\container.obj
c:\users\stelm\onedrive\pulpit\otsfinal\ots-final-edition\rook\rook\vc17\theforgo.a10f9657\x64\release\obj_r\items.obj
c:\users\stelm\onedrive\pulpit\otsfinal\ots-final-edition\rook\rook\vc17\theforgo.a10f9657\x64\release\obj_r\raids.obj
c:\users\stelm\onedrive\pulpit\otsfinal\ots-final-edition\rook\rook\vc17\theforgo.a10f9657\x64\release\obj_r\weapons.obj
c:\users\stelm\onedrive\pulpit\otsfinal\ots-final-edition\rook\rook\vc17\theforgo.a10f9657\x64\release\obj_r\auras.obj
c:\users\stelm\onedrive\pulpit\otsfinal\ots-final-edition\rook\rook\vc17\theforgo.a10f9657\x64\release\obj_r\depotlocker.obj
c:\users\stelm\onedrive\pulpit\otsfinal\ots-final-edition\rook\rook\vc17\theforgo.a10f9657\x64\release\obj_r\iomapserialize.obj
c:\users\stelm\onedrive\pulpit\otsfinal\ots-final-edition\rook\rook\vc17\theforgo.a10f9657\x64\release\obj_r\position.obj
c:\users\stelm\onedrive\pulpit\otsfinal\ots-final-edition\rook\rook\vc17\theforgo.a10f9657\x64\release\obj_r\protocollogin.obj
c:\users\stelm\onedrive\pulpit\otsfinal\ots-final-edition\rook\rook\vc17\theforgo.a10f9657\x64\release\obj_r\tools.obj
c:\users\stelm\onedrive\pulpit\otsfinal\ots-final-edition\rook\rook\vc17\theforgo.a10f9657\x64\release\obj_r\wings.obj
c:\users\stelm\onedrive\pulpit\otsfinal\ots-final-edition\rook\rook\vc17\theforgo.a10f9657\x64\release\obj_r\combat.obj
c:\users\stelm\onedrive\pulpit\otsfinal\ots-final-edition\rook\rook\vc17\theforgo.a10f9657\x64\release\obj_r\item.obj
c:\users\stelm\onedrive\pulpit\otsfinal\ots-final-edition\rook\rook\vc17\theforgo.a10f9657\x64\release\obj_r\protocolold.obj
c:\users\stelm\onedrive\pulpit\otsfinal\ots-final-edition\rook\rook\vc17\theforgo.a10f9657\x64\release\obj_r\vocation.obj
c:\users\kamil\desktop\otsfinal\otsfinal\ots-final-edition\rook\rook\vc17\x64\release\theforgottenserver-x64.exe
c:\users\kamil\desktop\otsfinal\otsfinal\ots-final-edition\rook\rook\vc17\x64\release\theforgottenserver-x64.pdb
c:\users\stelm\onedrive\pulpit\otsfinal\ots-final-edition\rook\rook\vc17\x64\release\theforgottenserver-x64.exe
c:\users\stelm\onedrive\pulpit\otsfinal\ots-final-edition\rook\rook\vc17\x64\release\theforgottenserver-x64.pdb
c:\users\stelm\onedrive\pulpit\otsfinal\ots-final-edition\rook\rook\vc17\theforgo.a10f9657\x64\release\theforgottenserver.res
c:\users\kamil\desktop\otsfinal\otsfinal\ots-final-edition\rook\rook\vc17\theforgo.a10f9657\x64\release\theforgottenserver.res
c:\users\stelm\onedrive\pulpit\otsfinal\ots-final-edition\rook\rook\vc17\x64\release\boost_filesystem-vc143-mt-x64-1_87.dll
c:\users\stelm\onedrive\pulpit\otsfinal\ots-final-edition\rook\rook\vc17\x64\release\boost_iostreams-vc143-mt-x64-1_87.dll
c:\users\stelm\onedrive\pulpit\otsfinal\ots-final-edition\rook\rook\vc17\x64\release\zlib1.dll
c:\users\stelm\onedrive\pulpit\otsfinal\ots-final-edition\rook\rook\vc17\x64\release\bz2.dll
c:\users\stelm\onedrive\pulpit\otsfinal\ots-final-edition\rook\rook\vc17\x64\release\liblzma.dll
c:\users\stelm\onedrive\pulpit\otsfinal\ots-final-edition\rook\rook\vc17\x64\release\zstd.dll
c:\users\stelm\onedrive\pulpit\otsfinal\ots-final-edition\rook\rook\vc17\x64\release\fmt.dll
c:\users\stelm\onedrive\pulpit\otsfinal\ots-final-edition\rook\rook\vc17\x64\release\libmariadb.dll
c:\users\stelm\onedrive\pulpit\otsfinal\ots-final-edition\rook\rook\vc17\x64\release\lua51.dll
c:\users\stelm\onedrive\pulpit\otsfinal\ots-final-edition\rook\rook\vc17\x64\release\pugixml.dll
c:\users\kamil\desktop\otsfinal\otsfinal\ots-final-edition\rook\rook\vc17\x64\release\boost_filesystem-vc143-mt-x64-1_90.dll
c:\users\kamil\desktop\otsfinal\otsfinal\ots-final-edition\rook\rook\vc17\x64\release\boost_iostreams-vc143-mt-x64-1_90.dll
c:\users\kamil\desktop\otsfinal\otsfinal\ots-final-edition\rook\rook\vc17\x64\release\zlib1.dll
c:\users\kamil\desktop\otsfinal\otsfinal\ots-final-edition\rook\rook\vc17\x64\release\bz2.dll
c:\users\kamil\desktop\otsfinal\otsfinal\ots-final-edition\rook\rook\vc17\x64\release\liblzma.dll
c:\users\kamil\desktop\otsfinal\otsfinal\ots-final-edition\rook\rook\vc17\x64\release\zstd.dll
c:\users\kamil\desktop\otsfinal\otsfinal\ots-final-edition\rook\rook\vc17\x64\release\fmt.dll
c:\users\kamil\desktop\otsfinal\otsfinal\ots-final-edition\rook\rook\vc17\x64\release\libmariadb.dll
c:\users\kamil\desktop\otsfinal\otsfinal\ots-final-edition\rook\rook\vc17\x64\release\lua51.dll
c:\users\kamil\desktop\otsfinal\otsfinal\ots-final-edition\rook\rook\vc17\x64\release\pugixml.dll
c:\users\stelm\onedrive\pulpit\otsfinal\ots-final-edition\rook\rook\vc17\theforgo.a10f9657\x64\release\theforgottenserver-x64.iobj
c:\users\stelm\onedrive\pulpit\otsfinal\ots-final-edition\rook\rook\vc17\theforgo.a10f9657\x64\release\theforgo.a10f9657.tlog\cl.command.1.tlog
c:\users\stelm\onedrive\pulpit\otsfinal\ots-final-edition\rook\rook\vc17\theforgo.a10f9657\x64\release\theforgo.a10f9657.tlog\cl.items.tlog
c:\users\stelm\onedrive\pulpit\otsfinal\ots-final-edition\rook\rook\vc17\theforgo.a10f9657\x64\release\theforgo.a10f9657.tlog\cl.read.1.tlog
c:\users\stelm\onedrive\pulpit\otsfinal\ots-final-edition\rook\rook\vc17\theforgo.a10f9657\x64\release\theforgo.a10f9657.tlog\cl.write.1.tlog
c:\users\stelm\onedrive\pulpit\otsfinal\ots-final-edition\rook\rook\vc17\theforgo.a10f9657\x64\release\theforgo.a10f9657.tlog\link.command.1.tlog
c:\users\stelm\onedrive\pulpit\otsfinal\ots-final-edition\rook\rook\vc17\theforgo.a10f9657\x64\release\theforgo.a10f9657.tlog\link.read.1.tlog
c:\users\stelm\onedrive\pulpit\otsfinal\ots-final-edition\rook\rook\vc17\theforgo.a10f9657\x64\release\theforgo.a10f9657.tlog\link.secondary.1.tlog
c:\users\stelm\onedrive\pulpit\otsfinal\ots-final-edition\rook\rook\vc17\theforgo.a10f9657\x64\release\theforgo.a10f9657.tlog\link.write.1.tlog
c:\users\stelm\onedrive\pulpit\otsfinal\ots-final-edition\rook\rook\vc17\theforgo.a10f9657\x64\release\theforgo.a10f9657.tlog\rc.command.1.tlog
c:\users\stelm\onedrive\pulpit\otsfinal\ots-final-edition\rook\rook\vc17\theforgo.a10f9657\x64\release\theforgo.a10f9657.tlog\rc.read.1.tlog
c:\users\stelm\onedrive\pulpit\otsfinal\ots-final-edition\rook\rook\vc17\theforgo.a10f9657\x64\release\theforgo.a10f9657.tlog\rc.write.1.tlog
c:\users\stelm\onedrive\pulpit\otsfinal\ots-final-edition\rook\rook\vc17\theforgo.a10f9657\x64\release\theforgo.a10f9657.tlog\theforgottenserver.write.1u.tlog
