Lushland Oasis - Version 1.0)

Compiled with Microsoft Visual C++ version 1943
Compiled on Mar  7 2026 15:23:42 for platform x64
Linked with LuaJIT 2.1.0-beta3 for Lua support

A server developed by Volearen
A server downgraded by Nekiro
Visit our forum for updates, support, and resources: https://otland.net/.

>> Loading config
>> Establishing database connection... MySQL 3.4.1
>> Running database manager
>> Loading vocations
>> Loading items... OTB v1.3.127
[Warning - Items::parseItemNode] Unknown key value: stackable
>> Loading script systems
>> Using LuaJIT 2.1.0-beta3
>> Loading lua libs
>> Loading lua scripts
>> Loaded Upgrade System v3.0.3
[UpgradeSystem] Loaded 230 item tiers from data/items/items.xml
[CraftingArmorsmithAuto] generated=75
[CraftingWeaponsmithAuto] generated=50
>> Using LuaJIT 2.1.0-beta3
>> Loading monsters
>> Loading lua monsters
>> Loading outfits
>> Checking world type... PVP
>> Loading map
> Map size: 65000x65000.
> Map loading time: 4.259 seconds.
[Warning - NpcScriptInterface::loadNpcLib] Can not load data/npc/lib/npc.lua
> Loaded house items in: 0.011 s
>> Initializing gamestate
[CraftAnvilFixup] applied=1 created=1 missingTile=0
[Key3012DoorFixup] applied=2 missing=0
[Key4601DoorFixup] applied=1 missing=1
[KeyholeDoorFixup] applied=89 missing=12
[QuestKeynumberFixups] applied=0 missing=12
Saving server...
> Saved house items in: 0.088 s
[TeleportFixups] applied=76 missing=0
>> Loaded all modules, server starting up...
>> Forgotten Server Online!

SIGBREAK received, shutting game server down...
Saving server...
> Saved house items in: 0.08 s
Shutting down... done!
