GPU AMD Radeon(TM) Graphics (ATI Technologies Inc.)
OpenGL 4.6.14761 Compatibility Profile Context 21.30.02.19 30.0.13002.19003
[Atlas] Texture size is: 4096x4096 (max: 16384x16384)
Found work dir at 'C:/Users/stelm/OneDrive/Pulpit/Nowy folder/'
== application started at Mar 09 2026 19:41:28
OTCv8 3.2 rev 0 (dev) made by otclient.net built on Mar  9 2026 for arch x86
ERROR: Failed to import UI styles from 'store_button.otui': OTML error in '/mods/game_store/store_button.otui:52': not a valid style declaration
ERROR: invalid thing type, server id: 1
ERROR: invalid thing type, server id: 2
ERROR: invalid thing type, server id: 3
ERROR: invalid thing type, server id: 4
ERROR: invalid thing type, server id: 5
ERROR: invalid thing type, server id: 6
ERROR: invalid thing type, server id: 7
ERROR: invalid thing type, server id: 10
ERROR: invalid thing type, server id: 11
ERROR: invalid thing type, server id: 12
ERROR: invalid thing type, server id: 13
ERROR: invalid thing type, server id: 14
ERROR: invalid thing type, server id: 15
ERROR: invalid thing type, server id: 19
ERROR: invalid thing type, server id: 21
ERROR: invalid thing type, server id: 26
ERROR: invalid thing type, server id: 27
ERROR: invalid thing type, server id: 28
ERROR: invalid thing type, server id: 35
ERROR: invalid thing type, server id: 43
Connecting to: 127.0.0.1:7171
Connecting to: 127.0.0.1:7171
Connecting to: 127.0.0.1:7171
Login to 127.0.0.1:7172
[Tasks] send fetch opcode=110
[Bestiary] snapshot received, entries=117
[Tasks] recv opcode=110 size=141
[Tasks] action=config
[Tasks] recv opcode=110 size=8001
[Tasks] recv opcode=110 size=8001
[Tasks] recv opcode=110 size=8001
[Tasks] recv opcode=110 size=8001
[Tasks] recv opcode=110 size=3962
[Tasks] action=tasks
[Tasks] tasks list count=117
[Tasks] recv opcode=110 size=8001
[Tasks] recv opcode=110 size=8001
[Tasks] recv opcode=110 size=4151
[Tasks] action=shop
[Tasks] recv opcode=110 size=29
[Tasks] action=active
[Tasks] recv opcode=110 size=31
[Tasks] action=points
ERROR: lua function callback failed: /modules/corelib/ui/uimovabletabbar.lua:379: attempt to index local 'tab' (a nil value)
stack traceback:
	[C]: in function '__index'
	/modules/corelib/ui/uimovabletabbar.lua:379: in function 'selectTab'
	/modules/game_console/console.lua:1498: in function </modules/game_console/console.lua:1498>
Login to 127.0.0.1:7172
[Tasks] send fetch opcode=110
[Bestiary] snapshot received, entries=117
[Tasks] recv opcode=110 size=141
[Tasks] action=config
[Tasks] recv opcode=110 size=8001
[Tasks] recv opcode=110 size=8001
[Tasks] recv opcode=110 size=8001
[Tasks] recv opcode=110 size=8001
[Tasks] recv opcode=110 size=3962
[Tasks] action=tasks
[Tasks] tasks list count=117
[Tasks] recv opcode=110 size=8001
[Tasks] recv opcode=110 size=8001
[Tasks] recv opcode=110 size=4151
[Tasks] action=shop
[Tasks] recv opcode=110 size=29
[Tasks] action=active
[Tasks] recv opcode=110 size=31
[Tasks] action=points
Login to 127.0.0.1:7172
[Tasks] send fetch opcode=110
ERROR: lua function callback failed: C++ call failed: LUA ERROR: attempt to cast a 'nil' lua value to 'class Position'
stack traceback:
	[builtin#142]: at 0x0084ecf0
	[C]: in function 'getSpectatorsInRangeEx'
	/modules/game_battle/battle.lua:238: in function 'checkCreatures'
	/modules/game_battle/battle.lua:224: in function </modules/game_battle/battle.lua:221>
stack traceback:
	[builtin#142]: at 0x0084ecf0
	[C]: in function 'getSpectatorsInRangeEx'
	/modules/game_battle/battle.lua:238: in function 'checkCreatures'
	/modules/game_battle/battle.lua:224: in function </modules/game_battle/battle.lua:221>
ERROR: lua function callback failed: C++ call failed: LUA ERROR: attempt to cast a 'nil' lua value to 'class Position'
stack traceback:
	[builtin#142]: at 0x0084ecf0
	[C]: in function 'getSpectatorsInRangeEx'
	/modules/game_battle/battle.lua:238: in function 'checkCreatures'
	/modules/game_battle/battle.lua:224: in function </modules/game_battle/battle.lua:221>
stack traceback:
	[builtin#142]: at 0x0084ecf0
	[C]: in function 'getSpectatorsInRangeEx'
	/modules/game_battle/battle.lua:238: in function 'checkCreatures'
	/modules/game_battle/battle.lua:224: in function </modules/game_battle/battle.lua:221>
ERROR: lua function callback failed: C++ call failed: LUA ERROR: attempt to cast a 'nil' lua value to 'class Position'
stack traceback:
	[builtin#142]: at 0x0084ecf0
	[C]: in function 'getSpectatorsInRangeEx'
	/modules/game_battle/battle.lua:238: in function 'checkCreatures'
	/modules/game_battle/battle.lua:224: in function </modules/game_battle/battle.lua:221>
stack traceback:
	[builtin#142]: at 0x0084ecf0
	[C]: in function 'getSpectatorsInRangeEx'
	/modules/game_battle/battle.lua:238: in function 'checkCreatures'
	/modules/game_battle/battle.lua:224: in function </modules/game_battle/battle.lua:221>
ERROR: lua function callback failed: C++ call failed: LUA ERROR: attempt to cast a 'nil' lua value to 'class Position'
stack traceback:
	[builtin#142]: at 0x0084ecf0
	[C]: in function 'getSpectatorsInRangeEx'
	/modules/game_battle/battle.lua:238: in function 'checkCreatures'
	/modules/game_battle/battle.lua:224: in function </modules/game_battle/battle.lua:221>
stack traceback:
	[builtin#142]: at 0x0084ecf0
	[C]: in function 'getSpectatorsInRangeEx'
	/modules/game_battle/battle.lua:238: in function 'checkCreatures'
	/modules/game_battle/battle.lua:224: in function </modules/game_battle/battle.lua:221>
ERROR: lua function callback failed: C++ call failed: LUA ERROR: attempt to cast a 'nil' lua value to 'class Position'
stack traceback:
	[builtin#142]: at 0x0084ecf0
	[C]: in function 'getSpectatorsInRangeEx'
	/modules/game_battle/battle.lua:238: in function 'checkCreatures'
	/modules/game_battle/battle.lua:224: in function </modules/game_battle/battle.lua:221>
stack traceback:
	[builtin#142]: at 0x0084ecf0
	[C]: in function 'getSpectatorsInRangeEx'
	/modules/game_battle/battle.lua:238: in function 'checkCreatures'
	/modules/game_battle/battle.lua:224: in function </modules/game_battle/battle.lua:221>
ERROR: lua function callback failed: C++ call failed: LUA ERROR: attempt to cast a 'nil' lua value to 'class Position'
stack traceback:
	[builtin#142]: at 0x0084ecf0
	[C]: in function 'getSpectatorsInRangeEx'
	/modules/game_battle/battle.lua:238: in function 'checkCreatures'
	/modules/game_battle/battle.lua:224: in function </modules/game_battle/battle.lua:221>
stack traceback:
	[builtin#142]: at 0x0084ecf0
	[C]: in function 'getSpectatorsInRangeEx'
	/modules/game_battle/battle.lua:238: in function 'checkCreatures'
	/modules/game_battle/battle.lua:224: in function </modules/game_battle/battle.lua:221>
ERROR: lua function callback failed: C++ call failed: LUA ERROR: attempt to cast a 'nil' lua value to 'class Position'
stack traceback:
	[builtin#142]: at 0x0084ecf0
	[C]: in function 'getSpectatorsInRangeEx'
	/modules/game_battle/battle.lua:238: in function 'checkCreatures'
	/modules/game_battle/battle.lua:224: in function </modules/game_battle/battle.lua:221>
stack traceback:
	[builtin#142]: at 0x0084ecf0
	[C]: in function 'getSpectatorsInRangeEx'
	/modules/game_battle/battle.lua:238: in function 'checkCreatures'
	/modules/game_battle/battle.lua:224: in function </modules/game_battle/battle.lua:221>
ERROR: lua function callback failed: C++ call failed: LUA ERROR: attempt to cast a 'nil' lua value to 'class Position'
stack traceback:
	[builtin#142]: at 0x0084ecf0
	[C]: in function 'getSpectatorsInRangeEx'
	/modules/game_battle/battle.lua:238: in function 'checkCreatures'
	/modules/game_battle/battle.lua:224: in function </modules/game_battle/battle.lua:221>
stack traceback:
	[builtin#142]: at 0x0084ecf0
	[C]: in function 'getSpectatorsInRangeEx'
	/modules/game_battle/battle.lua:238: in function 'checkCreatures'
	/modules/game_battle/battle.lua:224: in function </modules/game_battle/battle.lua:221>
ERROR: lua function callback failed: C++ call failed: LUA ERROR: attempt to cast a 'nil' lua value to 'class Position'
stack traceback:
	[builtin#142]: at 0x0084ecf0
	[C]: in function 'getSpectatorsInRangeEx'
	/modules/game_battle/battle.lua:238: in function 'checkCreatures'
	/modules/game_battle/battle.lua:224: in function </modules/game_battle/battle.lua:221>
stack traceback:
	[builtin#142]: at 0x0084ecf0
	[C]: in function 'getSpectatorsInRangeEx'
	/modules/game_battle/battle.lua:238: in function 'checkCreatures'
	/modules/game_battle/battle.lua:224: in function </modules/game_battle/battle.lua:221>
ERROR: lua function callback failed: C++ call failed: LUA ERROR: attempt to cast a 'nil' lua value to 'class Position'
stack traceback:
	[builtin#142]: at 0x0084ecf0
	[C]: in function 'getSpectatorsInRangeEx'
	/modules/game_battle/battle.lua:238: in function 'checkCreatures'
	/modules/game_battle/battle.lua:224: in function </modules/game_battle/battle.lua:221>
stack traceback:
	[builtin#142]: at 0x0084ecf0
	[C]: in function 'getSpectatorsInRangeEx'
	/modules/game_battle/battle.lua:238: in function 'checkCreatures'
	/modules/game_battle/battle.lua:224: in function </modules/game_battle/battle.lua:221>
Exiting application..
GPU AMD Radeon(TM) Graphics (ATI Technologies Inc.)
OpenGL 4.6.14761 Compatibility Profile Context 21.30.02.19 30.0.13002.19003
[Atlas] Texture size is: 4096x4096 (max: 16384x16384)
Found work dir at 'C:/Users/stelm/OneDrive/Pulpit/Nowy folder/'
== application started at Mar 09 2026 19:42:02
OTCv8 3.2 rev 0 (dev) made by otclient.net built on Mar  9 2026 for arch x86
ERROR: Failed to import UI styles from 'store_button.otui': OTML error in '/mods/game_store/store_button.otui:52': not a valid style declaration
ERROR: invalid thing type, server id: 1
ERROR: invalid thing type, server id: 2
ERROR: invalid thing type, server id: 3
ERROR: invalid thing type, server id: 4
ERROR: invalid thing type, server id: 5
ERROR: invalid thing type, server id: 6
ERROR: invalid thing type, server id: 7
ERROR: invalid thing type, server id: 10
ERROR: invalid thing type, server id: 11
ERROR: invalid thing type, server id: 12
ERROR: invalid thing type, server id: 13
ERROR: invalid thing type, server id: 14
ERROR: invalid thing type, server id: 15
ERROR: invalid thing type, server id: 19
ERROR: invalid thing type, server id: 21
ERROR: invalid thing type, server id: 26
ERROR: invalid thing type, server id: 27
ERROR: invalid thing type, server id: 28
ERROR: invalid thing type, server id: 35
ERROR: invalid thing type, server id: 43
Connecting to: 127.0.0.1:7171
Login to 127.0.0.1:7172
[Tasks] send fetch opcode=110
[Bestiary] snapshot received, entries=117
[Tasks] recv opcode=110 size=141
[Tasks] action=config
[Tasks] recv opcode=110 size=8001
[Tasks] recv opcode=110 size=8001
[Tasks] recv opcode=110 size=8001
[Tasks] recv opcode=110 size=8001
[Tasks] recv opcode=110 size=3962
[Tasks] action=tasks
[Tasks] tasks list count=117
[Tasks] recv opcode=110 size=8001
[Tasks] recv opcode=110 size=8001
[Tasks] recv opcode=110 size=4151
[Tasks] action=shop
[Tasks] recv opcode=110 size=29
[Tasks] action=active
[Tasks] recv opcode=110 size=31
[Tasks] action=points
Exiting application..
GPU AMD Radeon(TM) Graphics (ATI Technologies Inc.)
OpenGL 4.6.14761 Compatibility Profile Context 21.30.02.19 30.0.13002.19003
[Atlas] Texture size is: 4096x4096 (max: 16384x16384)
Found work dir at 'C:/Users/stelm/OneDrive/Pulpit/otsfinal/ots-final-edition/nowy klient/'
== application started at Mar 09 2026 19:45:08
OTCv8 3.2 rev 0 (dev) made by otclient.net built on Mar  9 2026 for arch x86
ERROR: Failed to import UI styles from 'store_button.otui': OTML error in '/mods/game_store/store_button.otui:52': not a valid style declaration
ERROR: invalid thing type, server id: 1
ERROR: invalid thing type, server id: 2
ERROR: invalid thing type, server id: 3
ERROR: invalid thing type, server id: 4
ERROR: invalid thing type, server id: 5
ERROR: invalid thing type, server id: 6
ERROR: invalid thing type, server id: 7
ERROR: invalid thing type, server id: 10
ERROR: invalid thing type, server id: 11
ERROR: invalid thing type, server id: 12
ERROR: invalid thing type, server id: 13
ERROR: invalid thing type, server id: 14
ERROR: invalid thing type, server id: 15
ERROR: invalid thing type, server id: 19
ERROR: invalid thing type, server id: 21
ERROR: invalid thing type, server id: 26
ERROR: invalid thing type, server id: 27
ERROR: invalid thing type, server id: 28
ERROR: invalid thing type, server id: 35
ERROR: invalid thing type, server id: 43
Connecting to: 127.0.0.1:7171
Login to 127.0.0.1:7172
[Tasks] send fetch opcode=110
[Bestiary] snapshot received, entries=117
[Tasks] recv opcode=110 size=141
[Tasks] action=config
[Tasks] recv opcode=110 size=8001
[Tasks] recv opcode=110 size=8001
[Tasks] recv opcode=110 size=8001
[Tasks] recv opcode=110 size=8001
[Tasks] recv opcode=110 size=3962
[Tasks] action=tasks
[Tasks] tasks list count=117
[Tasks] recv opcode=110 size=8001
[Tasks] recv opcode=110 size=8001
[Tasks] recv opcode=110 size=4151
[Tasks] action=shop
[Tasks] recv opcode=110 size=29
[Tasks] action=active
[Tasks] recv opcode=110 size=31
[Tasks] action=points
Exiting application..
GPU AMD Radeon(TM) Graphics (ATI Technologies Inc.)
OpenGL 4.6.14761 Compatibility Profile Context 21.30.02.19 30.0.13002.19003
[Atlas] Texture size is: 4096x4096 (max: 16384x16384)
Found work dir at 'C:/Users/stelm/OneDrive/Pulpit/otsfinal/ots-final-edition/nowy klient/'
== application started at Mar 09 2026 20:25:17
OTCv8 3.2 rev 0 (dev) made by otclient.net built on Mar  9 2026 for arch x86
ERROR: Failed to import UI styles from 'store_button.otui': OTML error in '/mods/game_store/store_button.otui:52': not a valid style declaration
ERROR: invalid thing type, server id: 1
ERROR: invalid thing type, server id: 2
ERROR: invalid thing type, server id: 3
ERROR: invalid thing type, server id: 4
ERROR: invalid thing type, server id: 5
ERROR: invalid thing type, server id: 6
ERROR: invalid thing type, server id: 7
ERROR: invalid thing type, server id: 10
ERROR: invalid thing type, server id: 11
ERROR: invalid thing type, server id: 12
ERROR: invalid thing type, server id: 13
ERROR: invalid thing type, server id: 14
ERROR: invalid thing type, server id: 15
ERROR: invalid thing type, server id: 19
ERROR: invalid thing type, server id: 21
ERROR: invalid thing type, server id: 26
ERROR: invalid thing type, server id: 27
ERROR: invalid thing type, server id: 28
ERROR: invalid thing type, server id: 35
ERROR: invalid thing type, server id: 43
Connecting to: 127.0.0.1:7171
Login to 127.0.0.1:7172
[Tasks] send fetch opcode=110
[Bestiary] snapshot received, entries=117
[Tasks] recv opcode=110 size=141
[Tasks] action=config
[Tasks] recv opcode=110 size=8001
[Tasks] recv opcode=110 size=8001
[Tasks] recv opcode=110 size=8001
[Tasks] recv opcode=110 size=8001
[Tasks] recv opcode=110 size=3962
[Tasks] action=tasks
[Tasks] tasks list count=117
[Tasks] recv opcode=110 size=8001
[Tasks] recv opcode=110 size=8001
[Tasks] recv opcode=110 size=4151
[Tasks] action=shop
[Tasks] recv opcode=110 size=29
[Tasks] action=active
[Tasks] recv opcode=110 size=31
[Tasks] action=points
Exiting application..
